<?xml version="1.0" encoding="UTF-8"?>
<testng-results ignored="0" total="3" passed="3" failed="0" skipped="0">
  <reporter-output>
  </reporter-output>
  <suite started-at="2022-11-21T09:08:43 IST" name="Suite" finished-at="2022-11-21T09:09:04 IST" duration-ms="20438">
    <groups>
    </groups>
    <test started-at="2022-11-21T09:08:43 IST" name="Test01" finished-at="2022-11-21T09:08:51 IST" duration-ms="7284">
      <class name="com.qa.crossbrowsers.CrossBrowsers">
        <test-method is-config="true" signature="CrossBrowser(java.lang.String)[pri:0, instance:com.qa.crossbrowsers.CrossBrowsers@7671cb68]" started-at="2022-11-21T09:08:43 IST" name="CrossBrowser" finished-at="2022-11-21T09:08:45 IST" duration-ms="1428" status="PASS">
          <params>
            <param index="0">
              <value>
                <![CDATA[CHROME]]>
              </value>
            </param>
          </params>
          <reporter-output>
          </reporter-output>
        </test-method> <!-- CrossBrowser -->
        <test-method signature="verifyTitel1()[pri:0, instance:com.qa.crossbrowsers.CrossBrowsers@7671cb68]" started-at="2022-11-21T09:08:45 IST" name="verifyTitel1" finished-at="2022-11-21T09:08:51 IST" duration-ms="5639" status="PASS">
          <reporter-output>
          </reporter-output>
        </test-method> <!-- verifyTitel1 -->
        <test-method is-config="true" signature="Quit()[pri:0, instance:com.qa.crossbrowsers.CrossBrowsers@7671cb68]" started-at="2022-11-21T09:08:51 IST" name="Quit" finished-at="2022-11-21T09:08:51 IST" duration-ms="180" status="PASS">
          <reporter-output>
          </reporter-output>
        </test-method> <!-- Quit -->
      </class> <!-- com.qa.crossbrowsers.CrossBrowsers -->
    </test> <!-- Test01 -->
    <test started-at="2022-11-21T09:08:51 IST" name="Test02" finished-at="2022-11-21T09:08:58 IST" duration-ms="6812">
      <class name="com.qa.crossbrowsers.CrossBrowsers">
        <test-method is-config="true" signature="CrossBrowser(java.lang.String)[pri:0, instance:com.qa.crossbrowsers.CrossBrowsers@5ace1ed4]" started-at="2022-11-21T09:08:51 IST" name="CrossBrowser" finished-at="2022-11-21T09:08:53 IST" duration-ms="2559" status="PASS">
          <params>
            <param index="0">
              <value>
                <![CDATA[MSEDGE]]>
              </value>
            </param>
          </params>
          <reporter-output>
          </reporter-output>
        </test-method> <!-- CrossBrowser -->
        <test-method signature="verifyTitel1()[pri:0, instance:com.qa.crossbrowsers.CrossBrowsers@5ace1ed4]" started-at="2022-11-21T09:08:53 IST" name="verifyTitel1" finished-at="2022-11-21T09:08:57 IST" duration-ms="4015" status="PASS">
          <reporter-output>
          </reporter-output>
        </test-method> <!-- verifyTitel1 -->
        <test-method is-config="true" signature="Quit()[pri:0, instance:com.qa.crossbrowsers.CrossBrowsers@5ace1ed4]" started-at="2022-11-21T09:08:57 IST" name="Quit" finished-at="2022-11-21T09:08:58 IST" duration-ms="235" status="PASS">
          <reporter-output>
          </reporter-output>
        </test-method> <!-- Quit -->
      </class> <!-- com.qa.crossbrowsers.CrossBrowsers -->
    </test> <!-- Test02 -->
    <test started-at="2022-11-21T09:08:58 IST" name="Test03" finished-at="2022-11-21T09:09:04 IST" duration-ms="6311">
      <class name="com.qa.crossbrowsers.CrossBrowsers">
        <test-method is-config="true" signature="CrossBrowser(java.lang.String)[pri:0, instance:com.qa.crossbrowsers.CrossBrowsers@31e5415e]" started-at="2022-11-21T09:08:58 IST" name="CrossBrowser" finished-at="2022-11-21T09:09:00 IST" duration-ms="2360" status="PASS">
          <params>
            <param index="0">
              <value>
                <![CDATA[FIREFOX]]>
              </value>
            </param>
          </params>
          <reporter-output>
          </reporter-output>
        </test-method> <!-- CrossBrowser -->
        <test-method signature="verifyTitel1()[pri:0, instance:com.qa.crossbrowsers.CrossBrowsers@31e5415e]" started-at="2022-11-21T09:09:00 IST" name="verifyTitel1" finished-at="2022-11-21T09:09:03 IST" duration-ms="3350" status="PASS">
          <reporter-output>
          </reporter-output>
        </test-method> <!-- verifyTitel1 -->
        <test-method is-config="true" signature="Quit()[pri:0, instance:com.qa.crossbrowsers.CrossBrowsers@31e5415e]" started-at="2022-11-21T09:09:03 IST" name="Quit" finished-at="2022-11-21T09:09:04 IST" duration-ms="598" status="PASS">
          <reporter-output>
          </reporter-output>
        </test-method> <!-- Quit -->
      </class> <!-- com.qa.crossbrowsers.CrossBrowsers -->
    </test> <!-- Test03 -->
  </suite> <!-- Suite -->
</testng-results>
